PARTIE 1 DEBUT
JOUEURS 1:robot1 2:robot2 
TOUR 1 TABLE R1: 35 | R2: 55 | R3: 33 | R4: 103 | 
TOUR 1 PLAY 1 robot1 13
TOUR 1 PLAY 2 robot2 23
TOUR 1 NEED_ROW 1 robot1
TOUR 1 CHOOSE_ROW 1 robot1 4
TOUR 1 TAKE 1 robot1 ROW 4 BULLS 1
TOUR 1 SCORES J1=1 J2=0
TOUR 2 TABLE R1: 35 | R2: 55 | R3: 33 | R4: 13 23 | 
TOUR 2 PLAY 1 robot1 28
TOUR 2 PLAY 2 robot2 34
TOUR 2 SCORES J1=1 J2=0
TOUR 3 TABLE R1: 35 | R2: 55 | R3: 33 34 | R4: 13 23 28 | 
TOUR 3 PLAY 1 robot1 30
TOUR 3 PLAY 2 robot2 36
TOUR 3 SCORES J1=1 J2=0
TOUR 4 TABLE R1: 35 36 | R2: 55 | R3: 33 34 | R4: 13 23 28 30 | 
TOUR 4 PLAY 1 robot1 53
TOUR 4 PLAY 2 robot2 47
TOUR 4 SCORES J1=1 J2=0
TOUR 5 TABLE R1: 35 36 47 53 | R2: 55 | R3: 33 34 | R4: 13 23 28 30 | 
TOUR 5 PLAY 1 robot1 66
TOUR 5 PLAY 2 robot2 57
TOUR 5 SCORES J1=1 J2=0
TOUR 6 TABLE R1: 35 36 47 53 | R2: 55 57 66 | R3: 33 34 | R4: 13 23 28 30 | 
TOUR 6 PLAY 1 robot1 84
TOUR 6 PLAY 2 robot2 58
TOUR 6 SCORES J1=1 J2=0
TOUR 7 TABLE R1: 35 36 47 53 58 | R2: 55 57 66 84 | R3: 33 34 | R4: 13 23 28 30 | 
TOUR 7 PLAY 1 robot1 91
TOUR 7 PLAY 2 robot2 62
TOUR 7 TAKE 2 robot2 ROW 1 BULLS 6
TOUR 7 SCORES J1=1 J2=6
TOUR 8 TABLE R1: 62 | R2: 55 57 66 84 91 | R3: 33 34 | R4: 13 23 28 30 | 
TOUR 8 PLAY 1 robot1 95
TOUR 8 PLAY 2 robot2 63
TOUR 8 TAKE 1 robot1 ROW 2 BULLS 15
TOUR 8 SCORES J1=16 J2=6
TOUR 9 TABLE R1: 62 63 | R2: 95 | R3: 33 34 | R4: 13 23 28 30 | 
TOUR 9 PLAY 1 robot1 96
TOUR 9 PLAY 2 robot2 64
TOUR 9 SCORES J1=16 J2=6
TOUR 10 TABLE R1: 62 63 64 | R2: 95 96 | R3: 33 34 | R4: 13 23 28 30 | 
TOUR 10 PLAY 1 robot1 101
TOUR 10 PLAY 2 robot2 90
TOUR 10 SCORES J1=16 J2=6
TOUR 1 TABLE R1: 12 | R2: 93 | R3: 92 | R4: 39 | 
TOUR 1 PLAY 1 robot1 7
TOUR 1 PLAY 2 robot2 9
TOUR 1 NEED_ROW 1 robot1
TOUR 1 CHOOSE_ROW 1 robot1 1
TOUR 1 TAKE 1 robot1 ROW 1 BULLS 1
TOUR 1 SCORES J1=17 J2=6
TOUR 2 TABLE R1: 7 9 | R2: 93 | R3: 92 | R4: 39 | 
TOUR 2 PLAY 1 robot1 25
TOUR 2 PLAY 2 robot2 18
TOUR 2 SCORES J1=17 J2=6
TOUR 3 TABLE R1: 7 9 18 25 | R2: 93 | R3: 92 | R4: 39 | 
TOUR 3 PLAY 1 robot1 27
TOUR 3 PLAY 2 robot2 22
TOUR 3 NEED_ROW 2 robot2
TOUR 3 CHOOSE_ROW 2 robot2 2
TOUR 3 TAKE 2 robot2 ROW 2 BULLS 1
TOUR 3 SCORES J1=17 J2=7
TOUR 4 TABLE R1: 7 9 18 25 27 | R2: 22 | R3: 92 | R4: 39 | 
TOUR 4 PLAY 1 robot1 43
TOUR 4 PLAY 2 robot2 56
TOUR 4 SCORES J1=17 J2=7
TOUR 5 TABLE R1: 7 9 18 25 27 | R2: 22 | R3: 92 | R4: 39 43 56 | 
TOUR 5 PLAY 1 robot1 44
TOUR 5 PLAY 2 robot2 65
TOUR 5 TAKE 1 robot1 ROW 1 BULLS 6
TOUR 5 SCORES J1=23 J2=7
TOUR 6 TABLE R1: 44 | R2: 22 | R3: 92 | R4: 39 43 56 65 | 
TOUR 6 PLAY 1 robot1 67
TOUR 6 PLAY 2 robot2 74
TOUR 6 TAKE 2 robot2 ROW 4 BULLS 6
TOUR 6 SCORES J1=23 J2=13
TOUR 7 TABLE R1: 44 | R2: 22 | R3: 92 | R4: 74 | 
TOUR 7 PLAY 1 robot1 69
TOUR 7 PLAY 2 robot2 75
TOUR 7 SCORES J1=23 J2=13
TOUR 8 TABLE R1: 44 69 | R2: 22 | R3: 92 | R4: 74 75 | 
TOUR 8 PLAY 1 robot1 76
TOUR 8 PLAY 2 robot2 77
TOUR 8 SCORES J1=23 J2=13
TOUR 9 TABLE R1: 44 69 | R2: 22 | R3: 92 | R4: 74 75 76 77 | 
TOUR 9 PLAY 1 robot1 87
TOUR 9 PLAY 2 robot2 80
TOUR 9 TAKE 1 robot1 ROW 4 BULLS 12
TOUR 9 SCORES J1=35 J2=13
TOUR 10 TABLE R1: 44 69 | R2: 22 | R3: 92 | R4: 87 | 
TOUR 10 PLAY 1 robot1 99
TOUR 10 PLAY 2 robot2 82
TOUR 10 SCORES J1=35 J2=13
TOUR 1 TABLE R1: 51 | R2: 31 | R3: 26 | R4: 98 | 
TOUR 1 PLAY 1 robot1 3
TOUR 1 PLAY 2 robot2 11
TOUR 1 NEED_ROW 1 robot1
TOUR 1 CHOOSE_ROW 1 robot1 1
TOUR 1 TAKE 1 robot1 ROW 1 BULLS 1
TOUR 1 SCORES J1=36 J2=13
TOUR 2 TABLE R1: 3 11 | R2: 31 | R3: 26 | R4: 98 | 
TOUR 2 PLAY 1 robot1 4
TOUR 2 PLAY 2 robot2 29
TOUR 2 NEED_ROW 1 robot1
TOUR 2 CHOOSE_ROW 1 robot1 2
TOUR 2 TAKE 1 robot1 ROW 2 BULLS 1
TOUR 2 SCORES J1=37 J2=13
TOUR 3 TABLE R1: 3 11 | R2: 4 | R3: 26 29 | R4: 98 | 
TOUR 3 PLAY 1 robot1 38
TOUR 3 PLAY 2 robot2 37
TOUR 3 SCORES J1=37 J2=13
TOUR 4 TABLE R1: 3 11 | R2: 4 | R3: 26 29 37 38 | R4: 98 | 
TOUR 4 PLAY 1 robot1 52
TOUR 4 PLAY 2 robot2 40
TOUR 4 TAKE 1 robot1 ROW 3 BULLS 7
TOUR 4 SCORES J1=44 J2=13
TOUR 5 TABLE R1: 3 11 | R2: 4 | R3: 52 | R4: 98 | 
TOUR 5 PLAY 1 robot1 70
TOUR 5 PLAY 2 robot2 54
TOUR 5 SCORES J1=44 J2=13
TOUR 6 TABLE R1: 3 11 | R2: 4 | R3: 52 54 70 | R4: 98 | 
TOUR 6 PLAY 1 robot1 72
TOUR 6 PLAY 2 robot2 60
TOUR 6 SCORES J1=44 J2=13
TOUR 7 TABLE R1: 3 11 60 | R2: 4 | R3: 52 54 70 72 | R4: 98 | 
TOUR 7 PLAY 1 robot1 73
TOUR 7 PLAY 2 robot2 71
TOUR 7 SCORES J1=44 J2=13
TOUR 8 TABLE R1: 3 11 60 71 | R2: 4 | R3: 52 54 70 72 73 | R4: 98 | 
TOUR 8 PLAY 1 robot1 86
TOUR 8 PLAY 2 robot2 79
TOUR 8 TAKE 2 robot2 ROW 3 BULLS 7
TOUR 8 SCORES J1=44 J2=20
TOUR 9 TABLE R1: 3 11 60 71 | R2: 4 | R3: 79 86 | R4: 98 | 
TOUR 9 PLAY 1 robot1 88
TOUR 9 PLAY 2 robot2 97
TOUR 9 SCORES J1=44 J2=20
TOUR 10 TABLE R1: 3 11 60 71 | R2: 4 | R3: 79 86 88 97 | R4: 98 | 
TOUR 10 PLAY 1 robot1 94
TOUR 10 PLAY 2 robot2 102
TOUR 10 SCORES J1=44 J2=20
TOUR 1 TABLE R1: 85 | R2: 68 | R3: 42 | R4: 21 | 
TOUR 1 PLAY 1 robot1 1
TOUR 1 PLAY 2 robot2 5
TOUR 1 NEED_ROW 1 robot1
TOUR 1 CHOOSE_ROW 1 robot1 2
TOUR 1 TAKE 1 robot1 ROW 2 BULLS 1
TOUR 1 SCORES J1=45 J2=20
TOUR 2 TABLE R1: 85 | R2: 1 5 | R3: 42 | R4: 21 | 
TOUR 2 PLAY 1 robot1 2
TOUR 2 PLAY 2 robot2 6
TOUR 2 NEED_ROW 1 robot1
TOUR 2 CHOOSE_ROW 1 robot1 3
TOUR 2 TAKE 1 robot1 ROW 3 BULLS 1
TOUR 2 SCORES J1=46 J2=20
TOUR 3 TABLE R1: 85 | R2: 1 5 6 | R3: 2 | R4: 21 | 
TOUR 3 PLAY 1 robot1 8
TOUR 3 PLAY 2 robot2 14
TOUR 3 SCORES J1=46 J2=20
TOUR 4 TABLE R1: 85 | R2: 1 5 6 8 14 | R3: 2 | R4: 21 | 
TOUR 4 PLAY 1 robot1 10
TOUR 4 PLAY 2 robot2 19
TOUR 4 TAKE 2 robot2 ROW 2 BULLS 6
TOUR 4 SCORES J1=46 J2=26
TOUR 5 TABLE R1: 85 | R2: 19 | R3: 2 10 | R4: 21 | 
TOUR 5 PLAY 1 robot1 16
TOUR 5 PLAY 2 robot2 20
TOUR 5 SCORES J1=46 J2=26
TOUR 6 TABLE R1: 85 | R2: 19 20 | R3: 2 10 16 | R4: 21 | 
TOUR 6 PLAY 1 robot1 48
TOUR 6 PLAY 2 robot2 24
TOUR 6 SCORES J1=46 J2=26
TOUR 7 TABLE R1: 85 | R2: 19 20 | R3: 2 10 16 | R4: 21 24 48 | 
TOUR 7 PLAY 1 robot1 49
TOUR 7 PLAY 2 robot2 41
TOUR 7 SCORES J1=46 J2=26
TOUR 8 TABLE R1: 85 | R2: 19 20 41 | R3: 2 10 16 | R4: 21 24 48 49 | 
TOUR 8 PLAY 1 robot1 59
TOUR 8 PLAY 2 robot2 46
TOUR 8 SCORES J1=46 J2=26
TOUR 9 TABLE R1: 85 | R2: 19 20 41 46 | R3: 2 10 16 | R4: 21 24 48 49 59 | 
TOUR 9 PLAY 1 robot1 81
TOUR 9 PLAY 2 robot2 61
TOUR 9 TAKE 2 robot2 ROW 4 BULLS 5
TOUR 9 SCORES J1=46 J2=31
TOUR 10 TABLE R1: 85 | R2: 19 20 41 46 | R3: 2 10 16 | R4: 61 81 | 
TOUR 10 PLAY 1 robot1 104
TOUR 10 PLAY 2 robot2 89
TOUR 10 SCORES J1=46 J2=31
PARTIE 1 FIN
